<?xml version="1.0" encoding="UTF-8"?>
<!-- Generated by org.testng.reporters.JUnitXMLReporter -->
<testsuite hostname="Mounika-PC" ignored="0" name="Test" tests="1" failures="1" timestamp="2019-09-10T13:48:39 IST" time="0.151" errors="0">
  <testcase name="start_Test" time="0.032" classname="DriverFactory.DriverScript1">
    <failure type="java.io.FileNotFoundException" message="C:\Users\mounika\git\ojt65\Amazon_TestNG\TestInput\Inputs.xlsx (The system cannot find the path specified)">
      <![CDATA[java.io.FileNotFoundException: C:\Users\mounika\git\ojt65\Amazon_TestNG\TestInput\Inputs.xlsx (The system cannot find the path specified)
at java.io.FileInputStream.open0(Native Method)
at java.io.FileInputStream.open(FileInputStream.java:195)
at java.io.FileInputStream.<init>(FileInputStream.java:138)
at java.io.FileInputStream.<init>(FileInputStream.java:93)
at Utilities.ExcelFileUtil.<init>(ExcelFileUtil.java:25)
at DriverFactory.DriverScript1.start_Test(DriverScript1.java:21)
at java.util.ArrayList.forEach(ArrayList.java:1257)
... Removed 27 stack frames]]>
    </failure>
  </testcase> <!-- start_Test -->
</testsuite> <!-- Test -->
