<?xml version="1.0" encoding="UTF-8"?>
<testng-results skipped="0" failed="0" ignored="0" total="1" passed="1">
  <reporter-output>
  </reporter-output>
  <suite name="Suite" duration-ms="45969" started-at="2019-09-11T00:20:30 IST" finished-at="2019-09-11T00:21:16 IST">
    <groups>
    </groups>
    <test name="Test" duration-ms="45969" started-at="2019-09-11T00:20:30 IST" finished-at="2019-09-11T00:21:16 IST">
      <class name="DriverFactory.DriverScript1">
        <test-method status="PASS" signature="start_Test()[pri:0, instance:DriverFactory.DriverScript1@6f1fba17]" name="start_Test" duration-ms="45906" started-at="2019-09-11T00:20:30 IST" finished-at="2019-09-11T00:21:16 IST">
          <reporter-output>
          </reporter-output>
        </test-method> <!-- start_Test -->
      </class> <!-- DriverFactory.DriverScript1 -->
    </test> <!-- Test -->
  </suite> <!-- Suite -->
</testng-results>
